\BOOKMARK [1][-]{table.1}{TABLE OF CONTENTS}{}% 1
\BOOKMARK [0][-]{section*.3}{LIST OF TABLES}{}% 2
\BOOKMARK [0][-]{section*.5}{LIST OF FIGURES}{}% 3
\BOOKMARK [0][-]{section*.7}{ACKNOWLEDGEMENTS}{}% 4
\BOOKMARK [0][-]{section*.8}{ABSTRACT}{}% 5
\BOOKMARK [0][-]{chapter.9}{1. OVERVIEW}{}% 6
\BOOKMARK [1][-]{section.10}{1.1 Introduction}{chapter.9}% 7
\BOOKMARK [2][-]{subsection.11}{1.1.1 Hypothesis}{section.10}% 8
\BOOKMARK [2][-]{subsection.13}{1.1.2 Second Hypothesis}{section.10}% 9
\BOOKMARK [1][-]{section.15}{1.2 Criteria Review}{chapter.9}% 10
\BOOKMARK [0][-]{chapter.16}{2. REVIEW OF LITERATURE}{}% 11
\BOOKMARK [1][-]{section.17}{2.1 Introduction}{chapter.16}% 12
\BOOKMARK [2][-]{subsection.18}{2.1.1 Hypothesis}{section.17}% 13
\BOOKMARK [2][-]{subsection.20}{2.1.2 Second Hypothesis}{section.17}% 14
\BOOKMARK [1][-]{section.22}{2.2 Criteria Review}{chapter.16}% 15
\BOOKMARK [0][-]{chapter.23}{3. METHODS AND PROCEDURES}{}% 16
\BOOKMARK [1][-]{section.24}{3.1 Introduction}{chapter.23}% 17
\BOOKMARK [2][-]{subsection.26}{3.1.1 Hypothesis}{section.24}% 18
\BOOKMARK [2][-]{subsection.29}{3.1.2 Second Hypothesis}{section.24}% 19
\BOOKMARK [1][-]{section.31}{3.2 Criteria Review}{chapter.23}% 20
\BOOKMARK [0][-]{chapter.33}{4. RESULTS}{}% 21
\BOOKMARK [1][-]{section.34}{4.1 Introduction}{chapter.33}% 22
\BOOKMARK [2][-]{subsection.36}{4.1.1 Hypothesis}{section.34}% 23
\BOOKMARK [2][-]{subsection.39}{4.1.2 Second Hypothesis}{section.34}% 24
\BOOKMARK [1][-]{section.41}{4.2 Criteria Review}{chapter.33}% 25
\BOOKMARK [0][-]{chapter.42}{5. SUMMARY AND DISCUSSION}{}% 26
\BOOKMARK [1][-]{section.43}{5.1 Introduction}{chapter.42}% 27
\BOOKMARK [2][-]{subsection.45}{5.1.1 Hypothesis}{section.43}% 28
\BOOKMARK [2][-]{subsection.48}{5.1.2 Second Hypothesis}{section.43}% 29
\BOOKMARK [1][-]{section.50}{5.2 Criteria Review}{chapter.42}% 30
\BOOKMARK [0][-]{appendix.51}{A. ADDITIONAL MATERIAL}{}% 31
\BOOKMARK [0][-]{appendix.53}{B. STATISTICAL RESULTS}{}% 32
